31.3.2024, 16:46:02 - INFO - server.js loaded... 
31.3.2024, 16:46:02 - INFO - Server is running on port: 3030 
31.3.2024, 16:46:07 - INFO - Req was made | / 
31.3.2024, 16:46:07 - DEBUG - Loading Toys | {"name":"","inStock":"all","sortBy":""} 
31.3.2024, 16:46:07 - ERROR - cannot find toys | ReferenceError: logger is not defined 
31.3.2024, 16:46:07 - ERROR - Failed to load toys | ReferenceError: logger is not defined 
31.3.2024, 16:46:07 - INFO - Req was made | / 
31.3.2024, 16:46:07 - DEBUG - Loading Toys | {"name":"","inStock":"all","sortBy":""} 
31.3.2024, 16:46:07 - ERROR - cannot find toys | ReferenceError: logger is not defined 
31.3.2024, 16:46:07 - ERROR - Failed to load toys | ReferenceError: logger is not defined 
31.3.2024, 16:47:41 - INFO - server.js loaded... 
31.3.2024, 16:47:41 - INFO - Server is running on port: 3030 
31.3.2024, 16:47:59 - INFO - server.js loaded... 
31.3.2024, 16:47:59 - INFO - Server is running on port: 3030 
31.3.2024, 16:48:02 - INFO - server.js loaded... 
31.3.2024, 16:48:02 - INFO - Server is running on port: 3030 
31.3.2024, 16:48:05 - INFO - Req was made | / 
31.3.2024, 16:48:05 - DEBUG - Loading Toys | {"name":"","inStock":"all","sortBy":""} 
31.3.2024, 16:48:35 - INFO - server.js loaded... 
31.3.2024, 16:48:35 - INFO - Server is running on port: 3030 
31.3.2024, 16:48:38 - INFO - Req was made | / 
31.3.2024, 16:48:38 - ERROR - Failed to load toys | ReferenceError: logger is not defined 
31.3.2024, 16:48:38 - ERROR - cannot find toys | ReferenceError: logger is not defined 
31.3.2024, 16:48:38 - DEBUG - Loading Toys | {"name":"","inStock":"all","sortBy":""} 
31.3.2024, 16:48:38 - INFO - Req was made | / 
31.3.2024, 16:48:38 - DEBUG - Loading Toys | {"name":"","inStock":"all","sortBy":""} 
31.3.2024, 16:48:38 - ERROR - cannot find toys | ReferenceError: logger is not defined 
31.3.2024, 16:48:38 - ERROR - Failed to load toys | ReferenceError: logger is not defined 
31.3.2024, 16:49:48 - INFO - server.js loaded... 
31.3.2024, 16:49:48 - INFO - Server is running on port: 3030 
31.3.2024, 16:49:50 - DEBUG - Loading Toys | {"name":"","inStock":"all","sortBy":""} 
31.3.2024, 16:49:50 - INFO - Req was made | / 
31.3.2024, 16:49:50 - INFO - Req was made | / 
31.3.2024, 16:49:50 - DEBUG - Loading Toys | {"name":"","inStock":"all","sortBy":""} 
31.3.2024, 16:50:29 - INFO - server.js loaded... 
31.3.2024, 16:50:29 - INFO - Server is running on port: 3030 
31.3.2024, 16:51:32 - INFO - server.js loaded... 
31.3.2024, 16:51:32 - INFO - Server is running on port: 3030 
31.3.2024, 16:51:36 - INFO - Req was made | / 
31.3.2024, 16:51:36 - ERROR - Failed to load toys | ReferenceError: logger is not defined 
31.3.2024, 16:51:36 - DEBUG - Loading Toys | {"name":"","inStock":"all","sortBy":""} 
31.3.2024, 16:51:36 - ERROR - cannot find toys | ReferenceError: logger is not defined 
31.3.2024, 16:51:36 - INFO - Req was made | / 
31.3.2024, 16:51:36 - DEBUG - Loading Toys | {"name":"","inStock":"all","sortBy":""} 
31.3.2024, 16:51:36 - ERROR - cannot find toys | ReferenceError: logger is not defined 
31.3.2024, 16:51:36 - ERROR - Failed to load toys | ReferenceError: logger is not defined 
31.3.2024, 16:52:01 - INFO - server.js loaded... 
31.3.2024, 16:52:01 - INFO - Server is running on port: 3030 
31.3.2024, 16:52:20 - INFO - server.js loaded... 
31.3.2024, 16:52:20 - INFO - Server is running on port: 3030 
31.3.2024, 16:52:26 - INFO - Req was made | / 
31.3.2024, 16:52:26 - DEBUG - Loading Toys | {"name":"","inStock":"all","sortBy":""} 
31.3.2024, 16:52:26 - ERROR - Failed to load toys | ReferenceError: logger is not defined 
31.3.2024, 16:52:27 - INFO - Req was made | / 
31.3.2024, 16:52:27 - DEBUG - Loading Toys | {"name":"","inStock":"all","sortBy":""} 
31.3.2024, 16:52:27 - ERROR - Failed to load toys | ReferenceError: logger is not defined 
31.3.2024, 16:55:56 - INFO - server.js loaded... 
31.3.2024, 16:55:56 - INFO - Server is running on port: 3030 
31.3.2024, 16:56:03 - DEBUG - Loading Toys | {"name":"","inStock":"all","sortBy":""} 
31.3.2024, 16:56:03 - INFO - Req was made | / 
31.3.2024, 16:56:03 - ERROR - Failed to load toys | ReferenceError: logger is not defined 
31.3.2024, 16:56:03 - INFO - Req was made | / 
31.3.2024, 16:56:03 - DEBUG - Loading Toys | {"name":"","inStock":"all","sortBy":""} 
31.3.2024, 16:56:03 - ERROR - Failed to load toys | ReferenceError: logger is not defined 
31.3.2024, 16:57:30 - INFO - server.js loaded... 
31.3.2024, 16:57:30 - INFO - Server is running on port: 3030 
31.3.2024, 16:57:33 - INFO - Req was made | / 
31.3.2024, 16:57:33 - DEBUG - Loading Toys | {"name":"","inStock":"all","sortBy":""} 
31.3.2024, 16:57:33 - ERROR - Failed to load toys | ReferenceError: toys is not defined 
31.3.2024, 16:57:33 - INFO - Req was made | / 
31.3.2024, 16:57:33 - DEBUG - Loading Toys | {"name":"","inStock":"all","sortBy":""} 
31.3.2024, 16:57:33 - ERROR - Failed to load toys | ReferenceError: toys is not defined 
31.3.2024, 16:57:54 - INFO - server.js loaded... 
31.3.2024, 16:57:54 - INFO - Server is running on port: 3030 
31.3.2024, 16:57:59 - INFO - Req was made | / 
31.3.2024, 16:57:59 - DEBUG - Loading Toys | {"name":"","inStock":"all","sortBy":""} 
31.3.2024, 16:57:59 - ERROR - Failed to load toys | ReferenceError: toys is not defined 
31.3.2024, 16:58:00 - INFO - Req was made | / 
31.3.2024, 16:58:00 - DEBUG - Loading Toys | {"name":"","inStock":"all","sortBy":""} 
31.3.2024, 16:58:00 - ERROR - Failed to load toys | ReferenceError: toys is not defined 
31.3.2024, 16:58:31 - INFO - server.js loaded... 
31.3.2024, 16:58:31 - INFO - Server is running on port: 3030 
31.3.2024, 16:59:42 - INFO - server.js loaded... 
31.3.2024, 16:59:42 - INFO - Server is running on port: 3030 
31.3.2024, 16:59:45 - INFO - Req was made | / 
31.3.2024, 16:59:45 - DEBUG - Loading Toys | {"name":"","inStock":"all","sortBy":""} 
31.3.2024, 16:59:45 - ERROR - cannot find toys | ReferenceError: logger is not defined 
31.3.2024, 16:59:45 - ERROR - Failed to load toys | ReferenceError: logger is not defined 
31.3.2024, 16:59:45 - INFO - Req was made | / 
31.3.2024, 16:59:45 - DEBUG - Loading Toys | {"name":"","inStock":"all","sortBy":""} 
31.3.2024, 16:59:45 - ERROR - cannot find toys | ReferenceError: logger is not defined 
31.3.2024, 16:59:45 - ERROR - Failed to load toys | ReferenceError: logger is not defined 
31.3.2024, 17:06:29 - INFO - server.js loaded... 
31.3.2024, 17:06:29 - INFO - Server is running on port: 3030 
31.3.2024, 17:06:34 - INFO - Req was made | / 
31.3.2024, 17:06:34 - ERROR - Cannot Connect to DB | TypeError: MongoClient.connect is not a function 
31.3.2024, 17:06:34 - ERROR - Failed to get Mongo collection | TypeError: MongoClient.connect is not a function 
31.3.2024, 17:06:34 - DEBUG - Loading Toys | {"name":"","inStock":"all","sortBy":""} 
31.3.2024, 17:06:34 - ERROR - cannot find toys | TypeError: MongoClient.connect is not a function 
31.3.2024, 17:06:34 - ERROR - Failed to load toys | TypeError: MongoClient.connect is not a function 
31.3.2024, 17:06:35 - INFO - Req was made | / 
31.3.2024, 17:06:35 - DEBUG - Loading Toys | {"name":"","inStock":"all","sortBy":""} 
31.3.2024, 17:06:35 - ERROR - Cannot Connect to DB | TypeError: MongoClient.connect is not a function 
31.3.2024, 17:06:35 - ERROR - Failed to get Mongo collection | TypeError: MongoClient.connect is not a function 
31.3.2024, 17:06:35 - ERROR - cannot find toys | TypeError: MongoClient.connect is not a function 
31.3.2024, 17:06:35 - ERROR - Failed to load toys | TypeError: MongoClient.connect is not a function 
31.3.2024, 17:08:40 - INFO - server.js loaded... 
31.3.2024, 17:08:40 - INFO - Server is running on port: 3030 
31.3.2024, 17:08:46 - INFO - Req was made | / 
31.3.2024, 17:08:46 - DEBUG - Loading Toys | {"name":"","inStock":"all","sortBy":""} 
31.3.2024, 17:08:46 - ERROR - Cannot Connect to DB | TypeError: MongoClient.connect is not a function 
31.3.2024, 17:08:46 - ERROR - Failed to get Mongo collection | TypeError: MongoClient.connect is not a function 
31.3.2024, 17:08:46 - ERROR - cannot find toys | TypeError: MongoClient.connect is not a function 
31.3.2024, 17:08:46 - ERROR - Failed to load toys | TypeError: MongoClient.connect is not a function 
31.3.2024, 17:08:46 - INFO - Req was made | / 
31.3.2024, 17:08:46 - DEBUG - Loading Toys | {"name":"","inStock":"all","sortBy":""} 
31.3.2024, 17:08:46 - ERROR - Cannot Connect to DB | TypeError: MongoClient.connect is not a function 
31.3.2024, 17:08:46 - ERROR - Failed to get Mongo collection | TypeError: MongoClient.connect is not a function 
31.3.2024, 17:08:46 - ERROR - cannot find toys | TypeError: MongoClient.connect is not a function 
31.3.2024, 17:08:46 - ERROR - Failed to load toys | TypeError: MongoClient.connect is not a function 
31.3.2024, 17:12:25 - INFO - server.js loaded... 
31.3.2024, 17:12:25 - INFO - Server is running on port: 3030 
31.3.2024, 17:12:45 - INFO - server.js loaded... 
31.3.2024, 17:12:45 - INFO - Server is running on port: 3030 
31.3.2024, 17:12:48 - DEBUG - Loading Toys | {"name":"","inStock":"all","sortBy":""} 
31.3.2024, 17:12:48 - INFO - Req was made | / 
31.3.2024, 17:12:49 - INFO - Req was made | / 
31.3.2024, 17:12:49 - DEBUG - Loading Toys | {"name":"","inStock":"all","sortBy":""} 
31.3.2024, 17:14:48 - DEBUG - auth.service - login with username: manoon 
31.3.2024, 17:14:48 - INFO - User login:  | {"_id":"66072f8547d0922f147edf6a","username":"manoon","fullname":"Manoon Manooni","isAdmin":false} 
31.3.2024, 17:15:14 - INFO - Req was made | / 
31.3.2024, 17:15:14 - DEBUG - Loading Toys | {"name":"","inStock":"all","sortBy":""} 
31.3.2024, 17:15:14 - INFO - Req was made | / 
31.3.2024, 17:15:14 - DEBUG - Loading Toys | {"name":"","inStock":"all","sortBy":""} 
31.3.2024, 17:15:15 - INFO - User logged out 
31.3.2024, 17:16:03 - INFO - Req was made | / 
31.3.2024, 17:16:03 - DEBUG - Loading Toys | {"name":"","inStock":"all","sortBy":""} 
31.3.2024, 17:16:03 - INFO - Req was made | / 
31.3.2024, 17:16:03 - DEBUG - Loading Toys | {"name":"","inStock":"all","sortBy":""} 
31.3.2024, 17:16:36 - INFO - Req was made | / 
31.3.2024, 17:16:36 - DEBUG - Loading Toys | {"name":"","inStock":"all","sortBy":""} 
31.3.2024, 17:16:38 - INFO - Req was made | / 
31.3.2024, 17:16:38 - DEBUG - Loading Toys | {"name":"","inStock":"all","sortBy":""} 
31.3.2024, 17:16:44 - DEBUG - Loading Toys | {"name":"","inStock":"all","sortBy":""} 
31.3.2024, 17:16:44 - INFO - Req was made | / 
31.3.2024, 17:16:48 - INFO - Req was made | / 
31.3.2024, 17:16:48 - DEBUG - Loading Toys | {"name":"","inStock":"all","sortBy":""} 
31.3.2024, 17:16:48 - INFO - Req was made | / 
31.3.2024, 17:16:48 - DEBUG - Loading Toys | {"name":"","inStock":"all","sortBy":""} 
31.3.2024, 17:16:54 - INFO - Req was made | / 
31.3.2024, 17:16:54 - DEBUG - Loading Toys | {"name":"","inStock":"all","sortBy":""} 
31.3.2024, 17:16:54 - INFO - Req was made | / 
31.3.2024, 17:16:54 - DEBUG - Loading Toys | {"name":"","inStock":"all","sortBy":""} 
31.3.2024, 17:17:08 - DEBUG - auth.service - login with username: manoon 
31.3.2024, 17:17:08 - INFO - User login:  | {"_id":"66072f8547d0922f147edf6a","username":"manoon","fullname":"Manoon Manooni","isAdmin":false} 
31.3.2024, 17:17:11 - WARN - Manoon Manooni attempted to perform admin action 
31.3.2024, 17:17:15 - INFO - User logged out 
31.3.2024, 17:17:23 - DEBUG - auth.service - login with username: shovalsab 
31.3.2024, 17:17:23 - INFO - User login:  | {"_id":"66082c08e7e81b5b90195a02","username":"shovalsab","fullname":"Shoval Sab","isAdmin":true} 
31.3.2024, 17:17:39 - INFO - {"name":"tooti","price":11,"labels":["On wheels","Box game"],"createdAt":1711894659144,"inStock":["on"]} 
31.3.2024, 17:17:39 - INFO - Req was made | / 
31.3.2024, 17:17:39 - DEBUG - Loading Toys | {"name":"","inStock":"all","sortBy":""} 
31.3.2024, 17:17:39 - INFO - Req was made | / 
31.3.2024, 17:17:39 - DEBUG - Loading Toys | {"name":"","inStock":"all","sortBy":""} 
31.3.2024, 17:17:47 - INFO - User logged out 
31.3.2024, 17:20:45 - INFO - server.js loaded... 
31.3.2024, 17:20:45 - INFO - Server is running on port: 3030 
